# JRE version: OpenJDK Runtime Environment (8.0_152-b01) (build 1.8.0_152-release-915-b01)
# Java VM: OpenJDK 64-Bit Server VM (25.152-b01 mixed mode linux-amd64 compressed oops)
Heap:
 PSYoungGen      total 136192K, used 43740K [0x00000000e0000000, 0x00000000eac80000, 0x0000000100000000)
  eden space 101888K, 13% used [0x00000000e0000000,0x00000000e0d81a30,0x00000000e6380000)
  from space 34304K, 87% used [0x00000000e8880000,0x00000000ea5b5928,0x00000000eaa00000)
  to   space 37376K, 74% used [0x00000000e6380000,0x00000000e7ed54a0,0x00000000e8800000)
 ParOldGen       total 124928K, used 26244K [0x00000000a0000000, 0x00000000a7a00000, 0x00000000e0000000)
  object space 124928K, 21% used [0x00000000a0000000,0x00000000a19a1128,0x00000000a7a00000)
 Metaspace       used 61476K, capacity 62774K, committed 63000K, reserved 1103872K
  class space    used 7273K, capacity 7692K, committed 7728K, reserved 1048576K
GC Heap History (10 events):
Event: 514,449 GC heap after
Heap after GC invocations=16 (full 4):
 PSYoungGen      total 104448K, used 0K [0x00000000e0000000, 0x00000000e8200000, 0x0000000100000000)
  eden space 80896K, 0% used [0x00000000e0000000,0x00000000e0000000,0x00000000e4f00000)
  from space 23552K, 0% used [0x00000000e6b00000,0x00000000e6b00000,0x00000000e8200000)
  to   space 26112K, 0% used [0x00000000e4f00000,0x00000000e4f00000,0x00000000e6880000)
 ParOldGen       total 124928K, used 20542K [0x00000000a0000000, 0x00000000a7a00000, 0x00000000e0000000)
  object space 124928K, 16% used [0x00000000a0000000,0x00000000a140f9c8,0x00000000a7a00000)
 Metaspace       used 57870K, capacity 59026K, committed 59160K, reserved 1101824K
  class space    used 7053K, capacity 7426K, committed 7472K, reserved 1048576K
}
Event: 870,790 GC heap before
{Heap before GC invocations=17 (full 4):
 PSYoungGen      total 104448K, used 80896K [0x00000000e0000000, 0x00000000e8200000, 0x0000000100000000)
  eden space 80896K, 100% used [0x00000000e0000000,0x00000000e4f00000,0x00000000e4f00000)
  from space 23552K, 0% used [0x00000000e6b00000,0x00000000e6b00000,0x00000000e8200000)
  to   space 26112K, 0% used [0x00000000e4f00000,0x00000000e4f00000,0x00000000e6880000)
 ParOldGen       total 124928K, used 20542K [0x00000000a0000000, 0x00000000a7a00000, 0x00000000e0000000)
  object space 124928K, 16% used [0x00000000a0000000,0x00000000a140f9c8,0x00000000a7a00000)
 Metaspace       used 58744K, capacity 59952K, committed 60184K, reserved 1101824K
  class space    used 7094K, capacity 7469K, committed 7472K, reserved 1048576K
Event: 870,814 GC heap after
Heap after GC invocations=17 (full 4):
 PSYoungGen      total 107008K, used 11110K [0x00000000e0000000, 0x00000000e8700000, 0x0000000100000000)
  eden space 80896K, 0% used [0x00000000e0000000,0x00000000e0000000,0x00000000e4f00000)
  from space 26112K, 42% used [0x00000000e4f00000,0x00000000e59d9a40,0x00000000e6880000)
  to   space 25088K, 0% used [0x00000000e6e80000,0x00000000e6e80000,0x00000000e8700000)
 ParOldGen       total 124928K, used 20550K [0x00000000a0000000, 0x00000000a7a00000, 0x00000000e0000000)
  object space 124928K, 16% used [0x00000000a0000000,0x00000000a14119c8,0x00000000a7a00000)
 Metaspace       used 58744K, capacity 59952K, committed 60184K, reserved 1101824K
  class space    used 7094K, capacity 7469K, committed 7472K, reserved 1048576K
}
Event: 872,170 GC heap before
{Heap before GC invocations=18 (full 4):
 PSYoungGen      total 107008K, used 92006K [0x00000000e0000000, 0x00000000e8700000, 0x0000000100000000)
  eden space 80896K, 100% used [0x00000000e0000000,0x00000000e4f00000,0x00000000e4f00000)
  from space 26112K, 42% used [0x00000000e4f00000,0x00000000e59d9a40,0x00000000e6880000)
  to   space 25088K, 0% used [0x00000000e6e80000,0x00000000e6e80000,0x00000000e8700000)
 ParOldGen       total 124928K, used 20550K [0x00000000a0000000, 0x00000000a7a00000, 0x00000000e0000000)
  object space 124928K, 16% used [0x00000000a0000000,0x00000000a14119c8,0x00000000a7a00000)
 Metaspace       used 59291K, capacity 60514K, committed 60824K, reserved 1101824K
  class space    used 7129K, capacity 7506K, committed 7600K, reserved 1048576K
Event: 872,217 GC heap after
Heap after GC invocations=18 (full 4):
 PSYoungGen      total 110080K, used 24052K [0x00000000e0000000, 0x00000000e9600000, 0x0000000100000000)
  eden space 84992K, 0% used [0x00000000e0000000,0x00000000e0000000,0x00000000e5300000)
  from space 25088K, 95% used [0x00000000e6e80000,0x00000000e85fd268,0x00000000e8700000)
  to   space 28160K, 0% used [0x00000000e5300000,0x00000000e5300000,0x00000000e6e80000)
 ParOldGen       total 124928K, used 20558K [0x00000000a0000000, 0x00000000a7a00000, 0x00000000e0000000)
  object space 124928K, 16% used [0x00000000a0000000,0x00000000a14139c8,0x00000000a7a00000)
 Metaspace       used 59291K, capacity 60514K, committed 60824K, reserved 1101824K
  class space    used 7129K, capacity 7506K, committed 7600K, reserved 1048576K
}
Event: 874,903 GC heap before
{Heap before GC invocations=19 (full 4):
 PSYoungGen      total 110080K, used 109044K [0x00000000e0000000, 0x00000000e9600000, 0x0000000100000000)
  eden space 84992K, 100% used [0x00000000e0000000,0x00000000e5300000,0x00000000e5300000)
  from space 25088K, 95% used [0x00000000e6e80000,0x00000000e85fd268,0x00000000e8700000)
  to   space 28160K, 0% used [0x00000000e5300000,0x00000000e5300000,0x00000000e6e80000)
 ParOldGen       total 124928K, used 20558K [0x00000000a0000000, 0x00000000a7a00000, 0x00000000e0000000)
  object space 124928K, 16% used [0x00000000a0000000,0x00000000a14139c8,0x00000000a7a00000)
 Metaspace       used 60715K, capacity 62036K, committed 62232K, reserved 1103872K
  class space    used 7221K, capacity 7619K, committed 7728K, reserved 1048576K
Event: 874,971 GC heap after
Heap after GC invocations=19 (full 4):
 PSYoungGen      total 113152K, used 28154K [0x00000000e0000000, 0x00000000eaa00000, 0x0000000100000000)
  eden space 84992K, 0% used [0x00000000e0000000,0x00000000e0000000,0x00000000e5300000)
  from space 28160K, 99% used [0x00000000e5300000,0x00000000e6e7eab8,0x00000000e6e80000)
  to   space 34304K, 0% used [0x00000000e8880000,0x00000000e8880000,0x00000000eaa00000)
 ParOldGen       total 124928K, used 26236K [0x00000000a0000000, 0x00000000a7a00000, 0x00000000e0000000)
  object space 124928K, 21% used [0x00000000a0000000,0x00000000a199f128,0x00000000a7a00000)
 Metaspace       used 60715K, capacity 62036K, committed 62232K, reserved 1103872K
  class space    used 7221K, capacity 7619K, committed 7728K, reserved 1048576K
}
Event: 1156,197 GC heap before
{Heap before GC invocations=20 (full 4):
 PSYoungGen      total 113152K, used 113146K [0x00000000e0000000, 0x00000000eaa00000, 0x0000000100000000)
  eden space 84992K, 100% used [0x00000000e0000000,0x00000000e5300000,0x00000000e5300000)
  from space 28160K, 99% used [0x00000000e5300000,0x00000000e6e7eab8,0x00000000e6e80000)
  to   space 34304K, 0% used [0x00000000e8880000,0x00000000e8880000,0x00000000eaa00000)
 ParOldGen       total 124928K, used 26236K [0x00000000a0000000, 0x00000000a7a00000, 0x00000000e0000000)
  object space 124928K, 21% used [0x00000000a0000000,0x00000000a199f128,0x00000000a7a00000)
 Metaspace       used 61450K, capacity 62774K, committed 63000K, reserved 1103872K
  class space    used 7273K, capacity 7692K, committed 7728K, reserved 1048576K
Event: 1156,253 GC heap after
Heap after GC invocations=20 (full 4):
 PSYoungGen      total 136192K, used 29910K [0x00000000e0000000, 0x00000000eac80000, 0x0000000100000000)
  eden space 101888K, 0% used [0x00000000e0000000,0x00000000e0000000,0x00000000e6380000)
  from space 34304K, 87% used [0x00000000e8880000,0x00000000ea5b5928,0x00000000eaa00000)
  to   space 37376K, 0% used [0x00000000e6380000,0x00000000e6380000,0x00000000e8800000)
 ParOldGen       total 124928K, used 26244K [0x00000000a0000000, 0x00000000a7a00000, 0x00000000e0000000)
  object space 124928K, 21% used [0x00000000a0000000,0x00000000a19a1128,0x00000000a7a00000)
 Metaspace       used 61450K, capacity 62774K, committed 63000K, reserved 1103872K
  class space    used 7273K, capacity 7692K, committed 7728K, reserved 1048576K
}
Event: 4114,449 GC heap before
{Heap before GC invocations=21 (full 4):
 PSYoungGen      total 136192K, used 43740K [0x00000000e0000000, 0x00000000eac80000, 0x0000000100000000)
  eden space 101888K, 13% used [0x00000000e0000000,0x00000000e0d81a30,0x00000000e6380000)
  from space 34304K, 87% used [0x00000000e8880000,0x00000000ea5b5928,0x00000000eaa00000)
  to   space 37376K, 0% used [0x00000000e6380000,0x00000000e6380000,0x00000000e8800000)
 ParOldGen       total 124928K, used 26244K [0x00000000a0000000, 0x00000000a7a00000, 0x00000000e0000000)
  object space 124928K, 21% used [0x00000000a0000000,0x00000000a19a1128,0x00000000a7a00000)
 Metaspace       used 61476K, capacity 62774K, committed 63000K, reserved 1103872K
  class space    used 7273K, capacity 7692K, committed 7728K, reserved 1048576K

